<?xml version="1.0" encoding="UTF-8"?>
<coverage generated="1745759666283" clover="3.2.0">
  <project timestamp="1745759666284" name="All files">
    <metrics statements="234" coveredstatements="229" conditionals="62" coveredconditionals="58" methods="35" coveredmethods="35" elements="331" coveredelements="322" complexity="0" loc="234" ncloc="234" packages="2" files="3" classes="3"/>
    <package name="providers.core">
      <metrics statements="9" coveredstatements="9" conditionals="4" coveredconditionals="4" methods="2" coveredmethods="2"/>
      <file name="provider-types.ts" path="/workspaces/vscode/vscode-remote-mcp/src/providers/core/provider-types.ts">
        <metrics statements="9" coveredstatements="9" conditionals="4" coveredconditionals="4" methods="2" coveredmethods="2"/>
        <line num="8" count="2" type="cond" truecount="2" falsecount="0"/>
        <line num="9" count="2" type="stmt"/>
        <line num="10" count="2" type="stmt"/>
        <line num="16" count="2" type="cond" truecount="2" falsecount="0"/>
        <line num="17" count="2" type="stmt"/>
        <line num="18" count="2" type="stmt"/>
        <line num="19" count="2" type="stmt"/>
        <line num="20" count="2" type="stmt"/>
        <line num="21" count="2" type="stmt"/>
      </file>
    </package>
    <package name="swarm">
      <metrics statements="225" coveredstatements="220" conditionals="58" coveredconditionals="54" methods="33" coveredmethods="33"/>
      <file name="config.ts" path="/workspaces/vscode/vscode-remote-mcp/src/swarm/config.ts">
        <metrics statements="13" coveredstatements="13" conditionals="4" coveredconditionals="4" methods="2" coveredmethods="2"/>
        <line num="6" count="2" type="stmt"/>
        <line num="7" count="2" type="stmt"/>
        <line num="8" count="2" type="stmt"/>
        <line num="13" count="2" type="cond" truecount="2" falsecount="0"/>
        <line num="14" count="2" type="stmt"/>
        <line num="15" count="2" type="stmt"/>
        <line num="16" count="2" type="stmt"/>
        <line num="17" count="2" type="stmt"/>
        <line num="18" count="2" type="stmt"/>
        <line num="114" count="2" type="cond" truecount="2" falsecount="0"/>
        <line num="118" count="2" type="stmt"/>
        <line num="123" count="2" type="stmt"/>
        <line num="254" count="2" type="stmt"/>
      </file>
      <file name="swarm-controller.ts" path="/workspaces/vscode/vscode-remote-mcp/src/swarm/swarm-controller.ts">
        <metrics statements="212" coveredstatements="207" conditionals="54" coveredconditionals="50" methods="31" coveredmethods="31"/>
        <line num="8" count="2" type="stmt"/>
        <line num="9" count="2" type="stmt"/>
        <line num="10" count="2" type="stmt"/>
        <line num="11" count="2" type="stmt"/>
        <line num="12" count="2" type="stmt"/>
        <line num="13" count="2" type="stmt"/>
        <line num="14" count="2" type="stmt"/>
        <line num="22" count="2" type="stmt"/>
        <line num="41" count="157" type="stmt"/>
        <line num="51" count="157" type="stmt"/>
        <line num="59" count="157" type="stmt"/>
        <line num="65" count="157" type="stmt"/>
        <line num="68" count="157" type="stmt"/>
        <line num="71" count="157" type="stmt"/>
        <line num="78" count="160" type="stmt"/>
        <line num="79" count="160" type="stmt"/>
        <line num="82" count="160" type="stmt"/>
        <line num="85" count="160" type="stmt"/>
        <line num="88" count="159" type="stmt"/>
        <line num="91" count="159" type="stmt"/>
        <line num="93" count="159" type="stmt"/>
        <line num="95" count="159" type="stmt"/>
        <line num="97" count="1" type="stmt"/>
        <line num="98" count="1" type="stmt"/>
        <line num="106" count="160" type="stmt"/>
        <line num="107" count="160" type="stmt"/>
        <line num="110" count="160" type="cond" truecount="3" falsecount="0"/>
        <line num="111" count="160" type="stmt"/>
        <line num="113" count="160" type="stmt"/>
        <line num="114" count="160" type="stmt"/>
        <line num="125" count="160" type="cond" truecount="1" falsecount="1"/>
        <line num="129" count="159" type="stmt"/>
        <line num="130" count="157" type="stmt"/>
        <line num="132" count="157" type="stmt"/>
        <line num="134" count="3" type="stmt"/>
        <line num="139" count="311" type="cond" truecount="3" falsecount="0"/>
        <line num="140" count="150" type="stmt"/>
        <line num="142" count="150" type="stmt"/>
        <line num="143" count="150" type="stmt"/>
        <line num="154" count="300" type="cond" truecount="1" falsecount="1"/>
        <line num="158" count="149" type="stmt"/>
        <line num="159" count="148" type="stmt"/>
        <line num="161" count="148" type="stmt"/>
        <line num="163" count="2" type="stmt"/>
        <line num="167" count="160" type="stmt"/>
        <line num="169" count="0" type="stmt"/>
        <line num="170" count="0" type="stmt"/>
        <line num="184" count="1" type="stmt"/>
        <line num="187" count="1" type="cond" truecount="2" falsecount="0"/>
        <line num="190" count="1" type="stmt"/>
        <line num="192" count="1" type="cond" truecount="0" falsecount="1"/>
        <line num="193" count="0" type="stmt"/>
        <line num="197" count="1" type="stmt"/>
        <line num="198" count="1" type="stmt"/>
        <line num="201" count="1" type="stmt"/>
        <line num="203" count="1" type="stmt"/>
        <line num="212" count="4" type="stmt"/>
        <line num="215" count="4" type="stmt"/>
        <line num="217" count="4" type="cond" truecount="1" falsecount="0"/>
        <line num="218" count="1" type="stmt"/>
        <line num="222" count="3" type="stmt"/>
        <line num="224" count="3" type="cond" truecount="1" falsecount="0"/>
        <line num="225" count="1" type="stmt"/>
        <line num="226" count="1" type="stmt"/>
        <line num="230" count="2" type="stmt"/>
        <line num="231" count="2" type="stmt"/>
        <line num="233" count="1" type="cond" truecount="1" falsecount="0"/>
        <line num="235" count="1" type="stmt"/>
        <line num="236" count="1" type="stmt"/>
        <line num="239" count="0" type="stmt"/>
        <line num="241" count="1" type="stmt"/>
        <line num="242" count="1" type="stmt"/>
        <line num="252" count="12" type="stmt"/>
        <line num="255" count="12" type="stmt"/>
        <line num="258" count="12" type="cond" truecount="1" falsecount="0"/>
        <line num="259" count="11" type="cond" truecount="1" falsecount="0"/>
        <line num="260" count="3" type="cond" truecount="2" falsecount="0"/>
        <line num="261" count="12" type="stmt"/>
        <line num="264" count="11" type="cond" truecount="1" falsecount="0"/>
        <line num="265" count="1" type="stmt"/>
        <line num="266" count="4" type="stmt"/>
        <line num="269" count="11" type="cond" truecount="1" falsecount="0"/>
        <line num="270" count="10" type="stmt"/>
        <line num="273" count="11" type="cond" truecount="1" falsecount="0"/>
        <line num="274" count="7" type="stmt"/>
        <line num="277" count="11" type="cond" truecount="1" falsecount="0"/>
        <line num="278" count="2" type="stmt"/>
        <line num="279" count="5" type="stmt"/>
        <line num="280" count="6" type="cond" truecount="3" falsecount="0"/>
        <line num="281" count="3" type="stmt"/>
        <line num="284" count="2" type="stmt"/>
        <line num="289" count="11" type="cond" truecount="3" falsecount="0"/>
        <line num="290" count="2" type="stmt"/>
        <line num="293" count="11" type="cond" truecount="3" falsecount="0"/>
        <line num="294" count="2" type="stmt"/>
        <line num="298" count="12" type="stmt"/>
        <line num="307" count="4" type="stmt"/>
        <line num="310" count="4" type="stmt"/>
        <line num="312" count="4" type="cond" truecount="1" falsecount="0"/>
        <line num="313" count="1" type="stmt"/>
        <line num="317" count="3" type="stmt"/>
        <line num="319" count="3" type="cond" truecount="1" falsecount="0"/>
        <line num="320" count="1" type="stmt"/>
        <line num="324" count="2" type="stmt"/>
        <line num="325" count="2" type="stmt"/>
        <line num="328" count="1" type="stmt"/>
        <line num="330" count="1" type="stmt"/>
        <line num="340" count="5" type="stmt"/>
        <line num="343" count="5" type="stmt"/>
        <line num="345" count="5" type="cond" truecount="1" falsecount="0"/>
        <line num="346" count="1" type="stmt"/>
        <line num="350" count="4" type="stmt"/>
        <line num="352" count="4" type="cond" truecount="1" falsecount="0"/>
        <line num="353" count="1" type="stmt"/>
        <line num="357" count="3" type="stmt"/>
        <line num="358" count="3" type="stmt"/>
        <line num="361" count="2" type="stmt"/>
        <line num="363" count="2" type="stmt"/>
        <line num="372" count="5" type="stmt"/>
        <line num="375" count="5" type="stmt"/>
        <line num="377" count="5" type="cond" truecount="1" falsecount="0"/>
        <line num="378" count="1" type="stmt"/>
        <line num="382" count="4" type="stmt"/>
        <line num="384" count="4" type="cond" truecount="1" falsecount="0"/>
        <line num="385" count="1" type="stmt"/>
        <line num="389" count="3" type="stmt"/>
        <line num="390" count="3" type="stmt"/>
        <line num="392" count="2" type="cond" truecount="1" falsecount="0"/>
        <line num="394" count="1" type="stmt"/>
        <line num="397" count="2" type="stmt"/>
        <line num="410" count="4" type="stmt"/>
        <line num="413" count="4" type="stmt"/>
        <line num="415" count="4" type="cond" truecount="1" falsecount="0"/>
        <line num="416" count="1" type="stmt"/>
        <line num="420" count="3" type="stmt"/>
        <line num="422" count="3" type="cond" truecount="1" falsecount="0"/>
        <line num="423" count="1" type="stmt"/>
        <line num="427" count="2" type="stmt"/>
        <line num="428" count="2" type="stmt"/>
        <line num="431" count="1" type="stmt"/>
        <line num="433" count="1" type="stmt"/>
        <line num="442" count="3" type="stmt"/>
        <line num="445" count="3" type="stmt"/>
        <line num="447" count="3" type="cond" truecount="1" falsecount="0"/>
        <line num="448" count="1" type="stmt"/>
        <line num="452" count="2" type="stmt"/>
        <line num="455" count="1" type="stmt"/>
        <line num="465" count="1" type="stmt"/>
        <line num="474" count="4" type="stmt"/>
        <line num="477" count="4" type="stmt"/>
        <line num="479" count="4" type="cond" truecount="1" falsecount="0"/>
        <line num="480" count="1" type="stmt"/>
        <line num="484" count="3" type="stmt"/>
        <line num="486" count="3" type="cond" truecount="1" falsecount="0"/>
        <line num="487" count="1" type="stmt"/>
        <line num="491" count="2" type="stmt"/>
        <line num="492" count="2" type="stmt"/>
        <line num="495" count="2" type="stmt"/>
        <line num="498" count="1" type="stmt"/>
        <line num="500" count="1" type="stmt"/>
        <line num="502" count="1" type="stmt"/>
        <line num="504" count="1" type="stmt"/>
        <line num="505" count="1" type="stmt"/>
        <line num="521" count="5" type="stmt"/>
        <line num="524" count="5" type="stmt"/>
        <line num="526" count="5" type="cond" truecount="1" falsecount="0"/>
        <line num="527" count="1" type="stmt"/>
        <line num="531" count="4" type="stmt"/>
        <line num="533" count="4" type="cond" truecount="1" falsecount="0"/>
        <line num="534" count="1" type="stmt"/>
        <line num="538" count="3" type="stmt"/>
        <line num="551" count="10" type="stmt"/>
        <line num="554" count="10" type="stmt"/>
        <line num="563" count="5" type="stmt"/>
        <line num="566" count="5" type="stmt"/>
        <line num="575" count="2" type="stmt"/>
        <line num="578" count="2" type="stmt"/>
        <line num="587" count="3" type="stmt"/>
        <line num="590" count="3" type="stmt"/>
        <line num="599" count="8" type="stmt"/>
        <line num="602" count="7" type="stmt"/>
        <line num="604" count="7" type="cond" truecount="1" falsecount="0"/>
        <line num="605" count="2" type="stmt"/>
        <line num="609" count="5" type="stmt"/>
        <line num="617" count="6" type="stmt"/>
        <line num="620" count="3" type="stmt"/>
        <line num="622" count="3" type="stmt"/>
        <line num="623" count="6" type="stmt"/>
        <line num="627" count="3" type="stmt"/>
        <line num="629" count="3" type="stmt"/>
        <line num="630" count="5" type="stmt"/>
        <line num="634" count="3" type="stmt"/>
        <line num="636" count="6" type="stmt"/>
        <line num="651" count="118" type="stmt"/>
        <line num="653" count="118" type="stmt"/>
        <line num="655" count="118" type="cond" truecount="1" falsecount="0"/>
        <line num="656" count="118" type="stmt"/>
        <line num="657" count="118" type="stmt"/>
        <line num="659" count="2" type="stmt"/>
        <line num="664" count="118" type="cond" truecount="1" falsecount="0"/>
        <line num="665" count="118" type="stmt"/>
        <line num="666" count="118" type="stmt"/>
        <line num="668" count="1" type="stmt"/>
        <line num="673" count="118" type="cond" truecount="1" falsecount="0"/>
        <line num="674" count="118" type="stmt"/>
        <line num="675" count="118" type="stmt"/>
        <line num="677" count="1" type="stmt"/>
        <line num="681" count="0" type="stmt"/>
        <line num="683" count="118" type="stmt"/>
        <line num="684" count="118" type="stmt"/>
        <line num="692" count="81" type="cond" truecount="1" falsecount="0"/>
        <line num="693" count="4" type="stmt"/>
      </file>
    </package>
  </project>
</coverage>
