{"/workspaces/vscode/vscode-remote-mcp/src/providers/core/provider-types.ts": {"path":"/workspaces/vscode/vscode-remote-mcp/src/providers/core/provider-types.ts","statementMap":{"0":{"start":{"line":8,"column":0},"end":{"line":8,"column":null}},"1":{"start":{"line":9,"column":2},"end":{"line":9,"column":null}},"2":{"start":{"line":10,"column":2},"end":{"line":10,"column":null}},"3":{"start":{"line":16,"column":0},"end":{"line":16,"column":null}},"4":{"start":{"line":17,"column":2},"end":{"line":17,"column":null}},"5":{"start":{"line":18,"column":2},"end":{"line":18,"column":null}},"6":{"start":{"line":19,"column":2},"end":{"line":19,"column":null}},"7":{"start":{"line":20,"column":2},"end":{"line":20,"column":null}},"8":{"start":{"line":21,"column":2},"end":{"line":21,"column":null}}},"fnMap":{"0":{"name":"(anonymous_0)","decl":{"start":{"line":8,"column":0},"end":{"line":8,"column":12}},"loc":{"start":{"line":8,"column":24},"end":{"line":11,"column":1}}},"1":{"name":"(anonymous_1)","decl":{"start":{"line":16,"column":0},"end":{"line":16,"column":12}},"loc":{"start":{"line":16,"column":26},"end":{"line":22,"column":1}}}},"branchMap":{"0":{"loc":{"start":{"line":8,"column":12},"end":{"line":8,"column":null}},"type":"binary-expr","locations":[{"start":{"line":8,"column":12},"end":{"line":8,"column":24}},{"start":{"line":8,"column":24},"end":{"line":8,"column":null}}]},"1":{"loc":{"start":{"line":16,"column":12},"end":{"line":16,"column":null}},"type":"binary-expr","locations":[{"start":{"line":16,"column":12},"end":{"line":16,"column":26}},{"start":{"line":16,"column":26},"end":{"line":16,"column":null}}]}},"s":{"0":2,"1":2,"2":2,"3":2,"4":2,"5":2,"6":2,"7":2,"8":2},"f":{"0":2,"1":2},"b":{"0":[2,2],"1":[2,2]}}
,"/workspaces/vscode/vscode-remote-mcp/src/swarm/config.ts": {"path":"/workspaces/vscode/vscode-remote-mcp/src/swarm/config.ts","statementMap":{"0":{"start":{"line":6,"column":0},"end":{"line":6,"column":64}},"1":{"start":{"line":7,"column":0},"end":{"line":7,"column":29}},"2":{"start":{"line":8,"column":0},"end":{"line":8,"column":25}},"3":{"start":{"line":13,"column":0},"end":{"line":13,"column":null}},"4":{"start":{"line":14,"column":2},"end":{"line":14,"column":null}},"5":{"start":{"line":15,"column":2},"end":{"line":15,"column":null}},"6":{"start":{"line":16,"column":2},"end":{"line":16,"column":null}},"7":{"start":{"line":17,"column":2},"end":{"line":17,"column":null}},"8":{"start":{"line":18,"column":2},"end":{"line":18,"column":null}},"9":{"start":{"line":114,"column":0},"end":{"line":114,"column":null}},"10":{"start":{"line":118,"column":2},"end":{"line":118,"column":null}},"11":{"start":{"line":123,"column":2},"end":{"line":123,"column":null}},"12":{"start":{"line":254,"column":13},"end":{"line":290,"column":2}}},"fnMap":{"0":{"name":"(anonymous_9)","decl":{"start":{"line":13,"column":0},"end":{"line":13,"column":12}},"loc":{"start":{"line":13,"column":24},"end":{"line":19,"column":1}}},"1":{"name":"(anonymous_10)","decl":{"start":{"line":114,"column":0},"end":{"line":114,"column":12}},"loc":{"start":{"line":114,"column":29},"end":{"line":124,"column":1}}}},"branchMap":{"0":{"loc":{"start":{"line":13,"column":12},"end":{"line":13,"column":null}},"type":"binary-expr","locations":[{"start":{"line":13,"column":12},"end":{"line":13,"column":24}},{"start":{"line":13,"column":24},"end":{"line":13,"column":null}}]},"1":{"loc":{"start":{"line":114,"column":12},"end":{"line":114,"column":null}},"type":"binary-expr","locations":[{"start":{"line":114,"column":12},"end":{"line":114,"column":29}},{"start":{"line":114,"column":29},"end":{"line":114,"column":null}}]}},"s":{"0":2,"1":2,"2":2,"3":2,"4":2,"5":2,"6":2,"7":2,"8":2,"9":2,"10":2,"11":2,"12":2},"f":{"0":2,"1":2},"b":{"0":[2,2],"1":[2,2]}}
,"/workspaces/vscode/vscode-remote-mcp/src/swarm/swarm-controller.ts": {"path":"/workspaces/vscode/vscode-remote-mcp/src/swarm/swarm-controller.ts","statementMap":{"0":{"start":{"line":8,"column":0},"end":{"line":8,"column":102}},"1":{"start":{"line":9,"column":0},"end":{"line":9,"column":69}},"2":{"start":{"line":10,"column":0},"end":{"line":10,"column":55}},"3":{"start":{"line":11,"column":0},"end":{"line":11,"column":49}},"4":{"start":{"line":12,"column":0},"end":{"line":12,"column":122}},"5":{"start":{"line":13,"column":0},"end":{"line":13,"column":89}},"6":{"start":{"line":14,"column":0},"end":{"line":14,"column":42}},"7":{"start":{"line":41,"column":10},"end":{"line":41,"column":61}},"8":{"start":{"line":51,"column":10},"end":{"line":51,"column":39}},"9":{"start":{"line":59,"column":4},"end":{"line":62,"column":6}},"10":{"start":{"line":65,"column":4},"end":{"line":65,"column":54}},"11":{"start":{"line":68,"column":4},"end":{"line":68,"column":87}},"12":{"start":{"line":71,"column":4},"end":{"line":71,"column":93}},"13":{"start":{"line":78,"column":4},"end":{"line":99,"column":5}},"14":{"start":{"line":79,"column":6},"end":{"line":79,"column":51}},"15":{"start":{"line":82,"column":6},"end":{"line":82,"column":39}},"16":{"start":{"line":85,"column":6},"end":{"line":85,"column":39}},"17":{"start":{"line":88,"column":6},"end":{"line":88,"column":44}},"18":{"start":{"line":91,"column":6},"end":{"line":91,"column":47}},"19":{"start":{"line":93,"column":6},"end":{"line":93,"column":30}},"20":{"start":{"line":95,"column":6},"end":{"line":95,"column":50}},"21":{"start":{"line":97,"column":6},"end":{"line":97,"column":90}},"22":{"start":{"line":98,"column":6},"end":{"line":98,"column":18}},"23":{"start":{"line":106,"column":4},"end":{"line":171,"column":5}},"24":{"start":{"line":107,"column":6},"end":{"line":107,"column":44}},"25":{"start":{"line":110,"column":6},"end":{"line":136,"column":7}},"26":{"start":{"line":110,"column":42},"end":{"line":110,"column":85}},"27":{"start":{"line":111,"column":8},"end":{"line":111,"column":52}},"28":{"start":{"line":113,"column":8},"end":{"line":135,"column":9}},"29":{"start":{"line":114,"column":33},"end":{"line":126,"column":null}},"30":{"start":{"line":125,"column":56},"end":{"line":125,"column":86}},"31":{"start":{"line":129,"column":10},"end":{"line":129,"column":44}},"32":{"start":{"line":130,"column":10},"end":{"line":130,"column":66}},"33":{"start":{"line":132,"column":10},"end":{"line":132,"column":53}},"34":{"start":{"line":134,"column":10},"end":{"line":134,"column":93}},"35":{"start":{"line":139,"column":6},"end":{"line":165,"column":7}},"36":{"start":{"line":139,"column":42},"end":{"line":139,"column":84}},"37":{"start":{"line":140,"column":8},"end":{"line":140,"column":52}},"38":{"start":{"line":142,"column":8},"end":{"line":164,"column":9}},"39":{"start":{"line":143,"column":30},"end":{"line":155,"column":null}},"40":{"start":{"line":154,"column":56},"end":{"line":154,"column":85}},"41":{"start":{"line":158,"column":10},"end":{"line":158,"column":41}},"42":{"start":{"line":159,"column":10},"end":{"line":159,"column":62}},"43":{"start":{"line":161,"column":10},"end":{"line":161,"column":53}},"44":{"start":{"line":163,"column":10},"end":{"line":163,"column":93}},"45":{"start":{"line":167,"column":6},"end":{"line":167,"column":66}},"46":{"start":{"line":169,"column":6},"end":{"line":169,"column":83}},"47":{"start":{"line":170,"column":6},"end":{"line":170,"column":18}},"48":{"start":{"line":184,"column":4},"end":{"line":184,"column":29}},"49":{"start":{"line":187,"column":17},"end":{"line":187,"column":72}},"50":{"start":{"line":190,"column":21},"end":{"line":190,"column":45}},"51":{"start":{"line":192,"column":4},"end":{"line":194,"column":5}},"52":{"start":{"line":193,"column":6},"end":{"line":193,"column":71}},"53":{"start":{"line":197,"column":4},"end":{"line":197,"column":59}},"54":{"start":{"line":198,"column":21},"end":{"line":198,"column":58}},"55":{"start":{"line":201,"column":4},"end":{"line":201,"column":45}},"56":{"start":{"line":203,"column":4},"end":{"line":203,"column":20}},"57":{"start":{"line":212,"column":4},"end":{"line":212,"column":29}},"58":{"start":{"line":215,"column":21},"end":{"line":215,"column":58}},"59":{"start":{"line":217,"column":4},"end":{"line":219,"column":5}},"60":{"start":{"line":218,"column":6},"end":{"line":218,"column":18}},"61":{"start":{"line":222,"column":21},"end":{"line":222,"column":62}},"62":{"start":{"line":224,"column":4},"end":{"line":227,"column":5}},"63":{"start":{"line":225,"column":6},"end":{"line":225,"column":92}},"64":{"start":{"line":226,"column":6},"end":{"line":226,"column":22}},"65":{"start":{"line":230,"column":4},"end":{"line":243,"column":5}},"66":{"start":{"line":231,"column":30},"end":{"line":231,"column":68}},"67":{"start":{"line":233,"column":6},"end":{"line":237,"column":7}},"68":{"start":{"line":235,"column":8},"end":{"line":235,"column":54}},"69":{"start":{"line":236,"column":8},"end":{"line":236,"column":31}},"70":{"start":{"line":239,"column":6},"end":{"line":239,"column":22}},"71":{"start":{"line":241,"column":6},"end":{"line":241,"column":103}},"72":{"start":{"line":242,"column":6},"end":{"line":242,"column":22}},"73":{"start":{"line":252,"column":4},"end":{"line":252,"column":29}},"74":{"start":{"line":255,"column":20},"end":{"line":255,"column":49}},"75":{"start":{"line":258,"column":4},"end":{"line":296,"column":5}},"76":{"start":{"line":259,"column":6},"end":{"line":262,"column":7}},"77":{"start":{"line":260,"column":25},"end":{"line":260,"column":87}},"78":{"start":{"line":261,"column":8},"end":{"line":261,"column":85}},"79":{"start":{"line":261,"column":49},"end":{"line":261,"column":83}},"80":{"start":{"line":264,"column":6},"end":{"line":267,"column":7}},"81":{"start":{"line":265,"column":22},"end":{"line":265,"column":57}},"82":{"start":{"line":266,"column":8},"end":{"line":266,"column":76}},"83":{"start":{"line":266,"column":49},"end":{"line":266,"column":74}},"84":{"start":{"line":269,"column":6},"end":{"line":271,"column":7}},"85":{"start":{"line":270,"column":8},"end":{"line":270,"column":93}},"86":{"start":{"line":270,"column":49},"end":{"line":270,"column":91}},"87":{"start":{"line":273,"column":6},"end":{"line":275,"column":7}},"88":{"start":{"line":274,"column":8},"end":{"line":274,"column":94}},"89":{"start":{"line":274,"column":49},"end":{"line":274,"column":92}},"90":{"start":{"line":277,"column":6},"end":{"line":286,"column":7}},"91":{"start":{"line":278,"column":8},"end":{"line":285,"column":11}},"92":{"start":{"line":279,"column":10},"end":{"line":283,"column":11}},"93":{"start":{"line":280,"column":12},"end":{"line":282,"column":13}},"94":{"start":{"line":281,"column":14},"end":{"line":281,"column":27}},"95":{"start":{"line":284,"column":10},"end":{"line":284,"column":22}},"96":{"start":{"line":289,"column":6},"end":{"line":291,"column":7}},"97":{"start":{"line":290,"column":8},"end":{"line":290,"column":51}},"98":{"start":{"line":293,"column":6},"end":{"line":295,"column":7}},"99":{"start":{"line":294,"column":8},"end":{"line":294,"column":53}},"100":{"start":{"line":298,"column":4},"end":{"line":298,"column":21}},"101":{"start":{"line":307,"column":4},"end":{"line":307,"column":29}},"102":{"start":{"line":310,"column":21},"end":{"line":310,"column":58}},"103":{"start":{"line":312,"column":4},"end":{"line":314,"column":5}},"104":{"start":{"line":313,"column":6},"end":{"line":313,"column":58}},"105":{"start":{"line":317,"column":21},"end":{"line":317,"column":62}},"106":{"start":{"line":319,"column":4},"end":{"line":321,"column":5}},"107":{"start":{"line":320,"column":6},"end":{"line":320,"column":96}},"108":{"start":{"line":324,"column":4},"end":{"line":324,"column":51}},"109":{"start":{"line":325,"column":28},"end":{"line":325,"column":68}},"110":{"start":{"line":328,"column":4},"end":{"line":328,"column":50}},"111":{"start":{"line":330,"column":4},"end":{"line":330,"column":27}},"112":{"start":{"line":340,"column":4},"end":{"line":340,"column":29}},"113":{"start":{"line":343,"column":21},"end":{"line":343,"column":58}},"114":{"start":{"line":345,"column":4},"end":{"line":347,"column":5}},"115":{"start":{"line":346,"column":6},"end":{"line":346,"column":58}},"116":{"start":{"line":350,"column":21},"end":{"line":350,"column":62}},"117":{"start":{"line":352,"column":4},"end":{"line":354,"column":5}},"118":{"start":{"line":353,"column":6},"end":{"line":353,"column":96}},"119":{"start":{"line":357,"column":4},"end":{"line":357,"column":51}},"120":{"start":{"line":358,"column":28},"end":{"line":358,"column":74}},"121":{"start":{"line":361,"column":4},"end":{"line":361,"column":50}},"122":{"start":{"line":363,"column":4},"end":{"line":363,"column":27}},"123":{"start":{"line":372,"column":4},"end":{"line":372,"column":29}},"124":{"start":{"line":375,"column":21},"end":{"line":375,"column":58}},"125":{"start":{"line":377,"column":4},"end":{"line":379,"column":5}},"126":{"start":{"line":378,"column":6},"end":{"line":378,"column":58}},"127":{"start":{"line":382,"column":21},"end":{"line":382,"column":62}},"128":{"start":{"line":384,"column":4},"end":{"line":386,"column":5}},"129":{"start":{"line":385,"column":6},"end":{"line":385,"column":96}},"130":{"start":{"line":389,"column":4},"end":{"line":389,"column":51}},"131":{"start":{"line":390,"column":20},"end":{"line":390,"column":61}},"132":{"start":{"line":392,"column":4},"end":{"line":395,"column":5}},"133":{"start":{"line":394,"column":6},"end":{"line":394,"column":47}},"134":{"start":{"line":397,"column":4},"end":{"line":397,"column":19}},"135":{"start":{"line":410,"column":4},"end":{"line":410,"column":29}},"136":{"start":{"line":413,"column":21},"end":{"line":413,"column":58}},"137":{"start":{"line":415,"column":4},"end":{"line":417,"column":5}},"138":{"start":{"line":416,"column":6},"end":{"line":416,"column":58}},"139":{"start":{"line":420,"column":21},"end":{"line":420,"column":62}},"140":{"start":{"line":422,"column":4},"end":{"line":424,"column":5}},"141":{"start":{"line":423,"column":6},"end":{"line":423,"column":96}},"142":{"start":{"line":427,"column":4},"end":{"line":427,"column":51}},"143":{"start":{"line":428,"column":28},"end":{"line":428,"column":77}},"144":{"start":{"line":431,"column":4},"end":{"line":431,"column":50}},"145":{"start":{"line":433,"column":4},"end":{"line":433,"column":27}},"146":{"start":{"line":442,"column":4},"end":{"line":442,"column":29}},"147":{"start":{"line":445,"column":21},"end":{"line":445,"column":58}},"148":{"start":{"line":447,"column":4},"end":{"line":449,"column":5}},"149":{"start":{"line":448,"column":6},"end":{"line":448,"column":58}},"150":{"start":{"line":452,"column":4},"end":{"line":452,"column":61}},"151":{"start":{"line":455,"column":35},"end":{"line":463,"column":6}},"152":{"start":{"line":465,"column":4},"end":{"line":465,"column":18}},"153":{"start":{"line":474,"column":4},"end":{"line":474,"column":29}},"154":{"start":{"line":477,"column":21},"end":{"line":477,"column":58}},"155":{"start":{"line":479,"column":4},"end":{"line":481,"column":5}},"156":{"start":{"line":480,"column":6},"end":{"line":480,"column":58}},"157":{"start":{"line":484,"column":21},"end":{"line":484,"column":62}},"158":{"start":{"line":486,"column":4},"end":{"line":488,"column":5}},"159":{"start":{"line":487,"column":6},"end":{"line":487,"column":96}},"160":{"start":{"line":491,"column":4},"end":{"line":506,"column":5}},"161":{"start":{"line":492,"column":6},"end":{"line":492,"column":80}},"162":{"start":{"line":495,"column":6},"end":{"line":495,"column":46}},"163":{"start":{"line":498,"column":6},"end":{"line":498,"column":47}},"164":{"start":{"line":500,"column":6},"end":{"line":500,"column":67}},"165":{"start":{"line":502,"column":6},"end":{"line":502,"column":18}},"166":{"start":{"line":504,"column":6},"end":{"line":504,"column":93}},"167":{"start":{"line":505,"column":6},"end":{"line":505,"column":19}},"168":{"start":{"line":521,"column":4},"end":{"line":521,"column":29}},"169":{"start":{"line":524,"column":27},"end":{"line":524,"column":70}},"170":{"start":{"line":526,"column":4},"end":{"line":528,"column":5}},"171":{"start":{"line":527,"column":6},"end":{"line":527,"column":71}},"172":{"start":{"line":531,"column":27},"end":{"line":531,"column":65}},"173":{"start":{"line":533,"column":4},"end":{"line":535,"column":5}},"174":{"start":{"line":534,"column":6},"end":{"line":534,"column":92}},"175":{"start":{"line":538,"column":4},"end":{"line":542,"column":6}},"176":{"start":{"line":551,"column":4},"end":{"line":551,"column":29}},"177":{"start":{"line":554,"column":4},"end":{"line":554,"column":61}},"178":{"start":{"line":563,"column":4},"end":{"line":563,"column":29}},"179":{"start":{"line":566,"column":4},"end":{"line":566,"column":62}},"180":{"start":{"line":575,"column":4},"end":{"line":575,"column":29}},"181":{"start":{"line":578,"column":4},"end":{"line":578,"column":63}},"182":{"start":{"line":587,"column":4},"end":{"line":587,"column":29}},"183":{"start":{"line":590,"column":4},"end":{"line":590,"column":60}},"184":{"start":{"line":599,"column":4},"end":{"line":599,"column":29}},"185":{"start":{"line":602,"column":21},"end":{"line":602,"column":53}},"186":{"start":{"line":604,"column":4},"end":{"line":606,"column":5}},"187":{"start":{"line":605,"column":6},"end":{"line":605,"column":18}},"188":{"start":{"line":609,"column":4},"end":{"line":609,"column":38}},"189":{"start":{"line":617,"column":4},"end":{"line":617,"column":29}},"190":{"start":{"line":620,"column":57},"end":{"line":620,"column":91}},"191":{"start":{"line":622,"column":4},"end":{"line":624,"column":5}},"192":{"start":{"line":623,"column":6},"end":{"line":623,"column":66}},"193":{"start":{"line":627,"column":58},"end":{"line":627,"column":93}},"194":{"start":{"line":629,"column":4},"end":{"line":631,"column":5}},"195":{"start":{"line":630,"column":6},"end":{"line":630,"column":34}},"196":{"start":{"line":634,"column":4},"end":{"line":644,"column":6}},"197":{"start":{"line":636,"column":58},"end":{"line":640,"column":8}},"198":{"start":{"line":651,"column":4},"end":{"line":651,"column":46}},"199":{"start":{"line":653,"column":4},"end":{"line":685,"column":5}},"200":{"start":{"line":655,"column":6},"end":{"line":661,"column":7}},"201":{"start":{"line":656,"column":8},"end":{"line":660,"column":9}},"202":{"start":{"line":657,"column":10},"end":{"line":657,"column":39}},"203":{"start":{"line":659,"column":10},"end":{"line":659,"column":66}},"204":{"start":{"line":664,"column":6},"end":{"line":670,"column":7}},"205":{"start":{"line":665,"column":8},"end":{"line":669,"column":9}},"206":{"start":{"line":666,"column":10},"end":{"line":666,"column":42}},"207":{"start":{"line":668,"column":10},"end":{"line":668,"column":69}},"208":{"start":{"line":673,"column":6},"end":{"line":679,"column":7}},"209":{"start":{"line":674,"column":8},"end":{"line":678,"column":9}},"210":{"start":{"line":675,"column":10},"end":{"line":675,"column":34}},"211":{"start":{"line":677,"column":10},"end":{"line":677,"column":69}},"212":{"start":{"line":681,"column":6},"end":{"line":681,"column":70}},"213":{"start":{"line":683,"column":6},"end":{"line":683,"column":31}},"214":{"start":{"line":684,"column":6},"end":{"line":684,"column":47}},"215":{"start":{"line":692,"column":4},"end":{"line":694,"column":5}},"216":{"start":{"line":693,"column":6},"end":{"line":693,"column":58}},"217":{"start":{"line":22,"column":0},"end":{"line":22,"column":13}}},"fnMap":{"0":{"name":"(anonymous_9)","decl":{"start":{"line":57,"column":2},"end":{"line":57,"column":14}},"loc":{"start":{"line":57,"column":43},"end":{"line":72,"column":3}}},"1":{"name":"(anonymous_10)","decl":{"start":{"line":77,"column":9},"end":{"line":77,"column":14}},"loc":{"start":{"line":77,"column":25},"end":{"line":100,"column":3}}},"2":{"name":"(anonymous_11)","decl":{"start":{"line":105,"column":10},"end":{"line":105,"column":15}},"loc":{"start":{"line":105,"column":35},"end":{"line":172,"column":3}}},"3":{"name":"(anonymous_12)","decl":{"start":{"line":110,"column":37},"end":{"line":110,"column":38}},"loc":{"start":{"line":110,"column":42},"end":{"line":110,"column":85}}},"4":{"name":"(anonymous_13)","decl":{"start":{"line":125,"column":51},"end":{"line":125,"column":52}},"loc":{"start":{"line":125,"column":56},"end":{"line":125,"column":86}}},"5":{"name":"(anonymous_14)","decl":{"start":{"line":139,"column":37},"end":{"line":139,"column":38}},"loc":{"start":{"line":139,"column":42},"end":{"line":139,"column":84}}},"6":{"name":"(anonymous_15)","decl":{"start":{"line":154,"column":51},"end":{"line":154,"column":52}},"loc":{"start":{"line":154,"column":56},"end":{"line":154,"column":85}}},"7":{"name":"(anonymous_16)","decl":{"start":{"line":180,"column":9},"end":{"line":180,"column":14}},"loc":{"start":{"line":182,"column":31},"end":{"line":204,"column":3}}},"8":{"name":"(anonymous_17)","decl":{"start":{"line":211,"column":9},"end":{"line":211,"column":14}},"loc":{"start":{"line":211,"column":45},"end":{"line":244,"column":3}}},"9":{"name":"(anonymous_18)","decl":{"start":{"line":251,"column":9},"end":{"line":251,"column":14}},"loc":{"start":{"line":251,"column":52},"end":{"line":299,"column":3}}},"10":{"name":"(anonymous_19)","decl":{"start":{"line":261,"column":37},"end":{"line":261,"column":45}},"loc":{"start":{"line":261,"column":49},"end":{"line":261,"column":83}}},"11":{"name":"(anonymous_20)","decl":{"start":{"line":266,"column":37},"end":{"line":266,"column":45}},"loc":{"start":{"line":266,"column":49},"end":{"line":266,"column":74}}},"12":{"name":"(anonymous_21)","decl":{"start":{"line":270,"column":37},"end":{"line":270,"column":45}},"loc":{"start":{"line":270,"column":49},"end":{"line":270,"column":91}}},"13":{"name":"(anonymous_22)","decl":{"start":{"line":274,"column":37},"end":{"line":274,"column":45}},"loc":{"start":{"line":274,"column":49},"end":{"line":274,"column":92}}},"14":{"name":"(anonymous_23)","decl":{"start":{"line":278,"column":37},"end":{"line":278,"column":45}},"loc":{"start":{"line":278,"column":48},"end":{"line":285,"column":9}}},"15":{"name":"(anonymous_24)","decl":{"start":{"line":306,"column":9},"end":{"line":306,"column":14}},"loc":{"start":{"line":306,"column":47},"end":{"line":331,"column":3}}},"16":{"name":"(anonymous_25)","decl":{"start":{"line":339,"column":9},"end":{"line":339,"column":14}},"loc":{"start":{"line":339,"column":63},"end":{"line":364,"column":3}}},"17":{"name":"(anonymous_26)","decl":{"start":{"line":371,"column":9},"end":{"line":371,"column":14}},"loc":{"start":{"line":371,"column":48},"end":{"line":398,"column":3}}},"18":{"name":"(anonymous_27)","decl":{"start":{"line":406,"column":9},"end":{"line":406,"column":14}},"loc":{"start":{"line":408,"column":35},"end":{"line":434,"column":3}}},"19":{"name":"(anonymous_28)","decl":{"start":{"line":441,"column":9},"end":{"line":441,"column":14}},"loc":{"start":{"line":441,"column":53},"end":{"line":466,"column":3}}},"20":{"name":"(anonymous_29)","decl":{"start":{"line":473,"column":9},"end":{"line":473,"column":14}},"loc":{"start":{"line":473,"column":49},"end":{"line":507,"column":3}}},"21":{"name":"(anonymous_30)","decl":{"start":{"line":516,"column":9},"end":{"line":516,"column":14}},"loc":{"start":{"line":519,"column":30},"end":{"line":543,"column":3}}},"22":{"name":"(anonymous_31)","decl":{"start":{"line":550,"column":9},"end":{"line":550,"column":14}},"loc":{"start":{"line":550,"column":49},"end":{"line":555,"column":3}}},"23":{"name":"(anonymous_32)","decl":{"start":{"line":562,"column":9},"end":{"line":562,"column":14}},"loc":{"start":{"line":562,"column":50},"end":{"line":567,"column":3}}},"24":{"name":"(anonymous_33)","decl":{"start":{"line":574,"column":9},"end":{"line":574,"column":25}},"loc":{"start":{"line":574,"column":45},"end":{"line":579,"column":3}}},"25":{"name":"(anonymous_34)","decl":{"start":{"line":586,"column":9},"end":{"line":586,"column":27}},"loc":{"start":{"line":586,"column":52},"end":{"line":591,"column":3}}},"26":{"name":"(anonymous_35)","decl":{"start":{"line":598,"column":9},"end":{"line":598,"column":32}},"loc":{"start":{"line":598,"column":59},"end":{"line":610,"column":3}}},"27":{"name":"(anonymous_36)","decl":{"start":{"line":616,"column":9},"end":{"line":616,"column":23}},"loc":{"start":{"line":616,"column":23},"end":{"line":645,"column":3}}},"28":{"name":"(anonymous_37)","decl":{"start":{"line":636,"column":49},"end":{"line":636,"column":53}},"loc":{"start":{"line":636,"column":58},"end":{"line":640,"column":8}}},"29":{"name":"(anonymous_38)","decl":{"start":{"line":650,"column":9},"end":{"line":650,"column":14}},"loc":{"start":{"line":650,"column":22},"end":{"line":686,"column":3}}},"30":{"name":"(anonymous_39)","decl":{"start":{"line":691,"column":10},"end":{"line":691,"column":27}},"loc":{"start":{"line":691,"column":27},"end":{"line":695,"column":3}}}},"branchMap":{"0":{"loc":{"start":{"line":110,"column":6},"end":{"line":136,"column":7}},"type":"if","locations":[{"start":{"line":110,"column":6},"end":{"line":136,"column":7}}]},"1":{"loc":{"start":{"line":110,"column":42},"end":{"line":110,"column":85}},"type":"binary-expr","locations":[{"start":{"line":110,"column":42},"end":{"line":110,"column":72}},{"start":{"line":110,"column":76},"end":{"line":110,"column":85}}]},"2":{"loc":{"start":{"line":125,"column":24},"end":{"line":125,"column":101}},"type":"binary-expr","locations":[{"start":{"line":125,"column":24},"end":{"line":125,"column":95}},{"start":{"line":125,"column":99},"end":{"line":125,"column":101}}]},"3":{"loc":{"start":{"line":139,"column":6},"end":{"line":165,"column":7}},"type":"if","locations":[{"start":{"line":139,"column":6},"end":{"line":165,"column":7}}]},"4":{"loc":{"start":{"line":139,"column":42},"end":{"line":139,"column":84}},"type":"binary-expr","locations":[{"start":{"line":139,"column":42},"end":{"line":139,"column":71}},{"start":{"line":139,"column":75},"end":{"line":139,"column":84}}]},"5":{"loc":{"start":{"line":154,"column":24},"end":{"line":154,"column":100}},"type":"binary-expr","locations":[{"start":{"line":154,"column":24},"end":{"line":154,"column":94}},{"start":{"line":154,"column":98},"end":{"line":154,"column":100}}]},"6":{"loc":{"start":{"line":187,"column":17},"end":{"line":187,"column":72}},"type":"binary-expr","locations":[{"start":{"line":187,"column":17},"end":{"line":187,"column":29}},{"start":{"line":187,"column":33},"end":{"line":187,"column":72}}]},"7":{"loc":{"start":{"line":192,"column":4},"end":{"line":194,"column":5}},"type":"if","locations":[{"start":{"line":192,"column":4},"end":{"line":194,"column":5}}]},"8":{"loc":{"start":{"line":217,"column":4},"end":{"line":219,"column":5}},"type":"if","locations":[{"start":{"line":217,"column":4},"end":{"line":219,"column":5}}]},"9":{"loc":{"start":{"line":224,"column":4},"end":{"line":227,"column":5}},"type":"if","locations":[{"start":{"line":224,"column":4},"end":{"line":227,"column":5}}]},"10":{"loc":{"start":{"line":233,"column":6},"end":{"line":237,"column":7}},"type":"if","locations":[{"start":{"line":233,"column":6},"end":{"line":237,"column":7}}]},"11":{"loc":{"start":{"line":258,"column":4},"end":{"line":296,"column":5}},"type":"if","locations":[{"start":{"line":258,"column":4},"end":{"line":296,"column":5}}]},"12":{"loc":{"start":{"line":259,"column":6},"end":{"line":262,"column":7}},"type":"if","locations":[{"start":{"line":259,"column":6},"end":{"line":262,"column":7}}]},"13":{"loc":{"start":{"line":260,"column":25},"end":{"line":260,"column":87}},"type":"cond-expr","locations":[{"start":{"line":260,"column":56},"end":{"line":260,"column":69}},{"start":{"line":260,"column":72},"end":{"line":260,"column":87}}]},"14":{"loc":{"start":{"line":264,"column":6},"end":{"line":267,"column":7}},"type":"if","locations":[{"start":{"line":264,"column":6},"end":{"line":267,"column":7}}]},"15":{"loc":{"start":{"line":269,"column":6},"end":{"line":271,"column":7}},"type":"if","locations":[{"start":{"line":269,"column":6},"end":{"line":271,"column":7}}]},"16":{"loc":{"start":{"line":273,"column":6},"end":{"line":275,"column":7}},"type":"if","locations":[{"start":{"line":273,"column":6},"end":{"line":275,"column":7}}]},"17":{"loc":{"start":{"line":277,"column":6},"end":{"line":286,"column":7}},"type":"if","locations":[{"start":{"line":277,"column":6},"end":{"line":286,"column":7}}]},"18":{"loc":{"start":{"line":280,"column":12},"end":{"line":282,"column":13}},"type":"if","locations":[{"start":{"line":280,"column":12},"end":{"line":282,"column":13}}]},"19":{"loc":{"start":{"line":280,"column":16},"end":{"line":280,"column":70}},"type":"binary-expr","locations":[{"start":{"line":280,"column":16},"end":{"line":280,"column":34}},{"start":{"line":280,"column":38},"end":{"line":280,"column":70}}]},"20":{"loc":{"start":{"line":289,"column":6},"end":{"line":291,"column":7}},"type":"if","locations":[{"start":{"line":289,"column":6},"end":{"line":291,"column":7}}]},"21":{"loc":{"start":{"line":289,"column":10},"end":{"line":289,"column":58}},"type":"binary-expr","locations":[{"start":{"line":289,"column":10},"end":{"line":289,"column":37}},{"start":{"line":289,"column":41},"end":{"line":289,"column":58}}]},"22":{"loc":{"start":{"line":293,"column":6},"end":{"line":295,"column":7}},"type":"if","locations":[{"start":{"line":293,"column":6},"end":{"line":295,"column":7}}]},"23":{"loc":{"start":{"line":293,"column":10},"end":{"line":293,"column":56}},"type":"binary-expr","locations":[{"start":{"line":293,"column":10},"end":{"line":293,"column":36}},{"start":{"line":293,"column":40},"end":{"line":293,"column":56}}]},"24":{"loc":{"start":{"line":312,"column":4},"end":{"line":314,"column":5}},"type":"if","locations":[{"start":{"line":312,"column":4},"end":{"line":314,"column":5}}]},"25":{"loc":{"start":{"line":319,"column":4},"end":{"line":321,"column":5}},"type":"if","locations":[{"start":{"line":319,"column":4},"end":{"line":321,"column":5}}]},"26":{"loc":{"start":{"line":345,"column":4},"end":{"line":347,"column":5}},"type":"if","locations":[{"start":{"line":345,"column":4},"end":{"line":347,"column":5}}]},"27":{"loc":{"start":{"line":352,"column":4},"end":{"line":354,"column":5}},"type":"if","locations":[{"start":{"line":352,"column":4},"end":{"line":354,"column":5}}]},"28":{"loc":{"start":{"line":377,"column":4},"end":{"line":379,"column":5}},"type":"if","locations":[{"start":{"line":377,"column":4},"end":{"line":379,"column":5}}]},"29":{"loc":{"start":{"line":384,"column":4},"end":{"line":386,"column":5}},"type":"if","locations":[{"start":{"line":384,"column":4},"end":{"line":386,"column":5}}]},"30":{"loc":{"start":{"line":392,"column":4},"end":{"line":395,"column":5}},"type":"if","locations":[{"start":{"line":392,"column":4},"end":{"line":395,"column":5}}]},"31":{"loc":{"start":{"line":415,"column":4},"end":{"line":417,"column":5}},"type":"if","locations":[{"start":{"line":415,"column":4},"end":{"line":417,"column":5}}]},"32":{"loc":{"start":{"line":422,"column":4},"end":{"line":424,"column":5}},"type":"if","locations":[{"start":{"line":422,"column":4},"end":{"line":424,"column":5}}]},"33":{"loc":{"start":{"line":447,"column":4},"end":{"line":449,"column":5}},"type":"if","locations":[{"start":{"line":447,"column":4},"end":{"line":449,"column":5}}]},"34":{"loc":{"start":{"line":479,"column":4},"end":{"line":481,"column":5}},"type":"if","locations":[{"start":{"line":479,"column":4},"end":{"line":481,"column":5}}]},"35":{"loc":{"start":{"line":486,"column":4},"end":{"line":488,"column":5}},"type":"if","locations":[{"start":{"line":486,"column":4},"end":{"line":488,"column":5}}]},"36":{"loc":{"start":{"line":526,"column":4},"end":{"line":528,"column":5}},"type":"if","locations":[{"start":{"line":526,"column":4},"end":{"line":528,"column":5}}]},"37":{"loc":{"start":{"line":533,"column":4},"end":{"line":535,"column":5}},"type":"if","locations":[{"start":{"line":533,"column":4},"end":{"line":535,"column":5}}]},"38":{"loc":{"start":{"line":604,"column":4},"end":{"line":606,"column":5}},"type":"if","locations":[{"start":{"line":604,"column":4},"end":{"line":606,"column":5}}]},"39":{"loc":{"start":{"line":639,"column":23},"end":{"line":639,"column":48}},"type":"binary-expr","locations":[{"start":{"line":639,"column":23},"end":{"line":639,"column":43}},{"start":{"line":639,"column":47},"end":{"line":639,"column":48}}]},"40":{"loc":{"start":{"line":655,"column":6},"end":{"line":661,"column":7}},"type":"if","locations":[{"start":{"line":655,"column":6},"end":{"line":661,"column":7}}]},"41":{"loc":{"start":{"line":664,"column":6},"end":{"line":670,"column":7}},"type":"if","locations":[{"start":{"line":664,"column":6},"end":{"line":670,"column":7}}]},"42":{"loc":{"start":{"line":673,"column":6},"end":{"line":679,"column":7}},"type":"if","locations":[{"start":{"line":673,"column":6},"end":{"line":679,"column":7}}]},"43":{"loc":{"start":{"line":692,"column":4},"end":{"line":694,"column":5}},"type":"if","locations":[{"start":{"line":692,"column":4},"end":{"line":694,"column":5}}]}},"s":{"0":2,"1":2,"2":2,"3":2,"4":2,"5":2,"6":2,"7":157,"8":157,"9":157,"10":157,"11":157,"12":157,"13":160,"14":160,"15":160,"16":160,"17":159,"18":159,"19":159,"20":159,"21":1,"22":1,"23":160,"24":160,"25":160,"26":160,"27":160,"28":160,"29":160,"30":160,"31":159,"32":157,"33":157,"34":3,"35":160,"36":311,"37":150,"38":150,"39":150,"40":300,"41":149,"42":148,"43":148,"44":2,"45":160,"46":0,"47":0,"48":1,"49":1,"50":1,"51":1,"52":0,"53":1,"54":1,"55":1,"56":1,"57":4,"58":4,"59":4,"60":1,"61":3,"62":3,"63":1,"64":1,"65":2,"66":2,"67":1,"68":1,"69":1,"70":0,"71":1,"72":1,"73":12,"74":12,"75":12,"76":11,"77":3,"78":3,"79":12,"80":11,"81":1,"82":1,"83":4,"84":11,"85":3,"86":10,"87":11,"88":2,"89":7,"90":11,"91":2,"92":5,"93":6,"94":3,"95":2,"96":11,"97":2,"98":11,"99":2,"100":12,"101":4,"102":4,"103":4,"104":1,"105":3,"106":3,"107":1,"108":2,"109":2,"110":1,"111":1,"112":5,"113":5,"114":5,"115":1,"116":4,"117":4,"118":1,"119":3,"120":3,"121":2,"122":2,"123":5,"124":5,"125":5,"126":1,"127":4,"128":4,"129":1,"130":3,"131":3,"132":2,"133":1,"134":2,"135":4,"136":4,"137":4,"138":1,"139":3,"140":3,"141":1,"142":2,"143":2,"144":1,"145":1,"146":3,"147":3,"148":3,"149":1,"150":2,"151":1,"152":1,"153":4,"154":4,"155":4,"156":1,"157":3,"158":3,"159":1,"160":2,"161":2,"162":2,"163":1,"164":1,"165":1,"166":1,"167":1,"168":5,"169":5,"170":5,"171":1,"172":4,"173":4,"174":1,"175":3,"176":10,"177":10,"178":5,"179":5,"180":2,"181":2,"182":3,"183":3,"184":8,"185":7,"186":7,"187":2,"188":5,"189":6,"190":3,"191":3,"192":6,"193":3,"194":3,"195":5,"196":3,"197":6,"198":118,"199":118,"200":118,"201":118,"202":118,"203":2,"204":118,"205":118,"206":118,"207":1,"208":118,"209":118,"210":118,"211":1,"212":0,"213":118,"214":118,"215":81,"216":4,"217":2},"f":{"0":157,"1":160,"2":160,"3":160,"4":160,"5":311,"6":300,"7":1,"8":4,"9":12,"10":12,"11":4,"12":10,"13":7,"14":5,"15":4,"16":5,"17":5,"18":4,"19":3,"20":4,"21":5,"22":10,"23":5,"24":2,"25":3,"26":8,"27":6,"28":6,"29":118,"30":81},"b":{"0":[160],"1":[160,160],"2":[160,0],"3":[150],"4":[311,151],"5":[150,0],"6":[1,1],"7":[0],"8":[1],"9":[1],"10":[1],"11":[11],"12":[3],"13":[1,2],"14":[1],"15":[3],"16":[2],"17":[2],"18":[3],"19":[6,6],"20":[2],"21":[11,2],"22":[2],"23":[11,2],"24":[1],"25":[1],"26":[1],"27":[1],"28":[1],"29":[1],"30":[1],"31":[1],"32":[1],"33":[1],"34":[1],"35":[1],"36":[1],"37":[1],"38":[2],"39":[6,0],"40":[118],"41":[118],"42":[118],"43":[4]}}
}
