TN:
SF:src/providers/core/provider-types.ts
FN:8,(anonymous_0)
FN:16,(anonymous_1)
FNF:2
FNH:2
FNDA:2,(anonymous_0)
FNDA:2,(anonymous_1)
DA:8,2
DA:9,2
DA:10,2
DA:16,2
DA:17,2
DA:18,2
DA:19,2
DA:20,2
DA:21,2
LF:9
LH:9
BRDA:8,0,0,2
BRDA:8,0,1,2
BRDA:16,1,0,2
BRDA:16,1,1,2
BRF:4
BRH:4
end_of_record
TN:
SF:src/swarm/config.ts
FN:13,(anonymous_9)
FN:114,(anonymous_10)
FNF:2
FNH:2
FNDA:2,(anonymous_9)
FNDA:2,(anonymous_10)
DA:6,2
DA:7,2
DA:8,2
DA:13,2
DA:14,2
DA:15,2
DA:16,2
DA:17,2
DA:18,2
DA:114,2
DA:118,2
DA:123,2
DA:254,2
LF:13
LH:13
BRDA:13,0,0,2
BRDA:13,0,1,2
BRDA:114,1,0,2
BRDA:114,1,1,2
BRF:4
BRH:4
end_of_record
TN:
SF:src/swarm/swarm-controller.ts
FN:57,(anonymous_9)
FN:77,(anonymous_10)
FN:105,(anonymous_11)
FN:110,(anonymous_12)
FN:125,(anonymous_13)
FN:139,(anonymous_14)
FN:154,(anonymous_15)
FN:180,(anonymous_16)
FN:211,(anonymous_17)
FN:251,(anonymous_18)
FN:261,(anonymous_19)
FN:266,(anonymous_20)
FN:270,(anonymous_21)
FN:274,(anonymous_22)
FN:278,(anonymous_23)
FN:306,(anonymous_24)
FN:339,(anonymous_25)
FN:371,(anonymous_26)
FN:406,(anonymous_27)
FN:441,(anonymous_28)
FN:473,(anonymous_29)
FN:516,(anonymous_30)
FN:550,(anonymous_31)
FN:562,(anonymous_32)
FN:574,(anonymous_33)
FN:586,(anonymous_34)
FN:598,(anonymous_35)
FN:616,(anonymous_36)
FN:636,(anonymous_37)
FN:650,(anonymous_38)
FN:691,(anonymous_39)
FNF:31
FNH:31
FNDA:157,(anonymous_9)
FNDA:160,(anonymous_10)
FNDA:160,(anonymous_11)
FNDA:160,(anonymous_12)
FNDA:160,(anonymous_13)
FNDA:311,(anonymous_14)
FNDA:300,(anonymous_15)
FNDA:1,(anonymous_16)
FNDA:4,(anonymous_17)
FNDA:12,(anonymous_18)
FNDA:12,(anonymous_19)
FNDA:4,(anonymous_20)
FNDA:10,(anonymous_21)
FNDA:7,(anonymous_22)
FNDA:5,(anonymous_23)
FNDA:4,(anonymous_24)
FNDA:5,(anonymous_25)
FNDA:5,(anonymous_26)
FNDA:4,(anonymous_27)
FNDA:3,(anonymous_28)
FNDA:4,(anonymous_29)
FNDA:5,(anonymous_30)
FNDA:10,(anonymous_31)
FNDA:5,(anonymous_32)
FNDA:2,(anonymous_33)
FNDA:3,(anonymous_34)
FNDA:8,(anonymous_35)
FNDA:6,(anonymous_36)
FNDA:6,(anonymous_37)
FNDA:118,(anonymous_38)
FNDA:81,(anonymous_39)
DA:8,2
DA:9,2
DA:10,2
DA:11,2
DA:12,2
DA:13,2
DA:14,2
DA:22,2
DA:41,157
DA:51,157
DA:59,157
DA:65,157
DA:68,157
DA:71,157
DA:78,160
DA:79,160
DA:82,160
DA:85,160
DA:88,159
DA:91,159
DA:93,159
DA:95,159
DA:97,1
DA:98,1
DA:106,160
DA:107,160
DA:110,160
DA:111,160
DA:113,160
DA:114,160
DA:125,160
DA:129,159
DA:130,157
DA:132,157
DA:134,3
DA:139,311
DA:140,150
DA:142,150
DA:143,150
DA:154,300
DA:158,149
DA:159,148
DA:161,148
DA:163,2
DA:167,160
DA:169,0
DA:170,0
DA:184,1
DA:187,1
DA:190,1
DA:192,1
DA:193,0
DA:197,1
DA:198,1
DA:201,1
DA:203,1
DA:212,4
DA:215,4
DA:217,4
DA:218,1
DA:222,3
DA:224,3
DA:225,1
DA:226,1
DA:230,2
DA:231,2
DA:233,1
DA:235,1
DA:236,1
DA:239,0
DA:241,1
DA:242,1
DA:252,12
DA:255,12
DA:258,12
DA:259,11
DA:260,3
DA:261,12
DA:264,11
DA:265,1
DA:266,4
DA:269,11
DA:270,10
DA:273,11
DA:274,7
DA:277,11
DA:278,2
DA:279,5
DA:280,6
DA:281,3
DA:284,2
DA:289,11
DA:290,2
DA:293,11
DA:294,2
DA:298,12
DA:307,4
DA:310,4
DA:312,4
DA:313,1
DA:317,3
DA:319,3
DA:320,1
DA:324,2
DA:325,2
DA:328,1
DA:330,1
DA:340,5
DA:343,5
DA:345,5
DA:346,1
DA:350,4
DA:352,4
DA:353,1
DA:357,3
DA:358,3
DA:361,2
DA:363,2
DA:372,5
DA:375,5
DA:377,5
DA:378,1
DA:382,4
DA:384,4
DA:385,1
DA:389,3
DA:390,3
DA:392,2
DA:394,1
DA:397,2
DA:410,4
DA:413,4
DA:415,4
DA:416,1
DA:420,3
DA:422,3
DA:423,1
DA:427,2
DA:428,2
DA:431,1
DA:433,1
DA:442,3
DA:445,3
DA:447,3
DA:448,1
DA:452,2
DA:455,1
DA:465,1
DA:474,4
DA:477,4
DA:479,4
DA:480,1
DA:484,3
DA:486,3
DA:487,1
DA:491,2
DA:492,2
DA:495,2
DA:498,1
DA:500,1
DA:502,1
DA:504,1
DA:505,1
DA:521,5
DA:524,5
DA:526,5
DA:527,1
DA:531,4
DA:533,4
DA:534,1
DA:538,3
DA:551,10
DA:554,10
DA:563,5
DA:566,5
DA:575,2
DA:578,2
DA:587,3
DA:590,3
DA:599,8
DA:602,7
DA:604,7
DA:605,2
DA:609,5
DA:617,6
DA:620,3
DA:622,3
DA:623,6
DA:627,3
DA:629,3
DA:630,5
DA:634,3
DA:636,6
DA:651,118
DA:653,118
DA:655,118
DA:656,118
DA:657,118
DA:659,2
DA:664,118
DA:665,118
DA:666,118
DA:668,1
DA:673,118
DA:674,118
DA:675,118
DA:677,1
DA:681,0
DA:683,118
DA:684,118
DA:692,81
DA:693,4
LF:212
LH:207
BRDA:110,0,0,160
BRDA:110,1,0,160
BRDA:110,1,1,160
BRDA:125,2,0,160
BRDA:125,2,1,0
BRDA:139,3,0,150
BRDA:139,4,0,311
BRDA:139,4,1,151
BRDA:154,5,0,150
BRDA:154,5,1,0
BRDA:187,6,0,1
BRDA:187,6,1,1
BRDA:192,7,0,0
BRDA:217,8,0,1
BRDA:224,9,0,1
BRDA:233,10,0,1
BRDA:258,11,0,11
BRDA:259,12,0,3
BRDA:260,13,0,1
BRDA:260,13,1,2
BRDA:264,14,0,1
BRDA:269,15,0,3
BRDA:273,16,0,2
BRDA:277,17,0,2
BRDA:280,18,0,3
BRDA:280,19,0,6
BRDA:280,19,1,6
BRDA:289,20,0,2
BRDA:289,21,0,11
BRDA:289,21,1,2
BRDA:293,22,0,2
BRDA:293,23,0,11
BRDA:293,23,1,2
BRDA:312,24,0,1
BRDA:319,25,0,1
BRDA:345,26,0,1
BRDA:352,27,0,1
BRDA:377,28,0,1
BRDA:384,29,0,1
BRDA:392,30,0,1
BRDA:415,31,0,1
BRDA:422,32,0,1
BRDA:447,33,0,1
BRDA:479,34,0,1
BRDA:486,35,0,1
BRDA:526,36,0,1
BRDA:533,37,0,1
BRDA:604,38,0,2
BRDA:639,39,0,6
BRDA:639,39,1,0
BRDA:655,40,0,118
BRDA:664,41,0,118
BRDA:673,42,0,118
BRDA:692,43,0,4
BRF:54
BRH:50
end_of_record
